<?xml version="1.0" encoding="UTF-8"?>
<!-- Generated by org.testng.reporters.JUnitXMLReporter -->
<testsuite hostname="DESKTOP-0CLE4QB" failures="0" tests="4" name="Surefire test" time="60.777" errors="0" timestamp="9 Jan 2024 20:53:54 GMT">
  <testcase classname="pages.contactsPageTest" name="verify_contact_page" time="4.052"/>
  <testcase classname="pages.homePageTest" name="verify_subscription_in_home_page" time="3.16"/>
  <testcase classname="pages.productsPageTest" name="verify_functionality_of_cart" time="2.175"/>
  <testcase classname="pages.registerPageTest" name="verify_create_account" time="16.264"/>
</testsuite> <!-- Surefire test -->
