<?xml version="1.0" encoding="UTF-8"?>
<testng-results total="2" passed="2" failed="0" skipped="0">
  <reporter-output>
  </reporter-output>
  <suite started-at="2024-01-08T20:42:39Z" name="Surefire suite" finished-at="2024-01-08T20:43:26Z" duration-ms="47403">
    <groups>
    </groups>
    <test started-at="2024-01-08T20:42:39Z" name="Surefire test" finished-at="2024-01-08T20:43:26Z" duration-ms="47403">
      <class name="tests.registerTest">
        <test-method signature="registerTest()[pri:0, instance:tests.registerTest@5b12b668]" started-at="2024-01-08T15:42:52Z" name="registerTest" finished-at="2024-01-08T15:43:26Z" duration-ms="34501" status="PASS">
          <reporter-output>
          </reporter-output>
        </test-method> <!-- registerTest -->
      </class> <!-- tests.registerTest -->
      <class name="tests.contactTest">
        <test-method is-config="true" signature="setUp()[pri:0, instance:tests.contactTest@327514f]" started-at="2024-01-08T15:42:39Z" name="setUp" finished-at="2024-01-08T15:42:47Z" duration-ms="8486" status="PASS">
          <reporter-output>
          </reporter-output>
        </test-method> <!-- setUp -->
        <test-method signature="contactTest()[pri:0, instance:tests.contactTest@327514f]" started-at="2024-01-08T15:42:47Z" name="contactTest" finished-at="2024-01-08T15:42:52Z" duration-ms="4325" status="PASS">
          <reporter-output>
          </reporter-output>
        </test-method> <!-- contactTest -->
        <test-method is-config="true" signature="tearDown()[pri:0, instance:tests.contactTest@327514f]" started-at="2024-01-08T15:43:26Z" name="tearDown" finished-at="2024-01-08T15:43:26Z" duration-ms="82" status="PASS">
          <reporter-output>
          </reporter-output>
        </test-method> <!-- tearDown -->
      </class> <!-- tests.contactTest -->
    </test> <!-- Surefire test -->
  </suite> <!-- Surefire suite -->
</testng-results>
