<?xml version="1.0" encoding="UTF-8"?>
<testng-results total="2" passed="2" failed="0" skipped="0">
  <reporter-output>
  </reporter-output>
  <suite started-at="2024-01-06T21:20:48Z" name="Suite" finished-at="2024-01-06T21:21:22Z" duration-ms="34171">
    <groups>
    </groups>
    <test started-at="2024-01-06T21:20:48Z" name="contactTest" finished-at="2024-01-06T21:21:01Z" duration-ms="12777">
      <class name="tests.contactTest">
        <test-method is-config="true" signature="setUp()[pri:0, instance:tests.contactTest@346d61be]" started-at="2024-01-06T16:20:48Z" name="setUp" finished-at="2024-01-06T16:20:57Z" duration-ms="8724" status="PASS">
          <reporter-output>
          </reporter-output>
        </test-method> <!-- setUp -->
        <test-method signature="contactTest()[pri:0, instance:tests.contactTest@346d61be]" started-at="2024-01-06T16:20:57Z" name="contactTest" finished-at="2024-01-06T16:21:01Z" duration-ms="3959" status="PASS">
          <reporter-output>
          </reporter-output>
        </test-method> <!-- contactTest -->
        <test-method is-config="true" signature="tearDown()[pri:0, instance:tests.contactTest@346d61be]" started-at="2024-01-06T16:21:01Z" name="tearDown" finished-at="2024-01-06T16:21:01Z" duration-ms="85" status="PASS">
          <reporter-output>
          </reporter-output>
        </test-method> <!-- tearDown -->
      </class> <!-- tests.contactTest -->
    </test> <!-- contactTest -->
    <test started-at="2024-01-06T21:21:01Z" name="registerTest" finished-at="2024-01-06T21:21:22Z" duration-ms="21361">
      <class name="tests.registerTest">
        <test-method is-config="true" signature="setUp()[pri:0, instance:tests.registerTest@6631f5ca]" started-at="2024-01-06T16:21:01Z" name="setUp" finished-at="2024-01-06T16:21:08Z" duration-ms="7284" status="PASS">
          <reporter-output>
          </reporter-output>
        </test-method> <!-- setUp -->
        <test-method signature="registerTest()[pri:0, instance:tests.registerTest@6631f5ca]" started-at="2024-01-06T16:21:08Z" name="registerTest" finished-at="2024-01-06T16:21:22Z" duration-ms="13987" status="PASS">
          <reporter-output>
          </reporter-output>
        </test-method> <!-- registerTest -->
        <test-method is-config="true" signature="tearDown()[pri:0, instance:tests.registerTest@6631f5ca]" started-at="2024-01-06T16:21:22Z" name="tearDown" finished-at="2024-01-06T16:21:22Z" duration-ms="88" status="PASS">
          <reporter-output>
          </reporter-output>
        </test-method> <!-- tearDown -->
      </class> <!-- tests.registerTest -->
    </test> <!-- registerTest -->
  </suite> <!-- Suite -->
</testng-results>
